<?xml version="1.0" encoding="UTF-8"?>
<!-- Generated by org.testng.reporters.JUnitReportReporter -->
<testsuite skipped="0" hostname="LAPTOP-JEI8AS0O" name="testNGPackage.TestNGTwo" tests="1" failures="0" timestamp="30 Sep 2018 16:09:16 GMT" time="0.000" errors="0">
  <testcase name="TestOne" time="0.000" classname="testNGPackage.TestNGTwo"/>
</testsuite> <!-- testNGPackage.TestNGTwo -->
