<?xml version="1.0" encoding="UTF-8"?>
<!-- Generated by org.testng.reporters.JUnitReportReporter -->
<testsuite skipped="0" hostname="LAPTOP-JEI8AS0O" name="testNGPackage.TestNGOne" tests="2" failures="0" timestamp="30 Sep 2018 16:09:16 GMT" time="27.096" errors="0">
  <testcase name="loginFeature" time="14.131" classname="testNGPackage.TestNGOne"/>
  <testcase name="privacyPolicy" time="12.965" classname="testNGPackage.TestNGOne"/>
</testsuite> <!-- testNGPackage.TestNGOne -->
